2016-11-06 15:41:49 Error: [Cake\Database\Exception] SQLSTATE[42S02]: Base table or view not found: 1146 Table 'sscalc.entity' doesn't exist
Stack Trace:
#0 C:\Users\Parham-Pc\sscalc\vendor\cakephp\cakephp\src\Database\Schema\Collection.php(97): Cake\Database\Schema\Collection->_reflect('Column', 'entity', Array, Object(Cake\Database\Schema\Table))
#1 C:\Users\Parham-Pc\sscalc\vendor\cakephp\cakephp\src\Database\Schema\CachedCollection.php(63): Cake\Database\Schema\Collection->describe('entity', Array)
#2 C:\Users\Parham-Pc\sscalc\vendor\cakephp\cakephp\src\ORM\Table.php(440): Cake\Database\Schema\CachedCollection->describe('entity')
#3 C:\Users\Parham-Pc\sscalc\vendor\cakephp\cakephp\src\ORM\Table.php(518): Cake\ORM\Table->schema()
#4 C:\Users\Parham-Pc\sscalc\vendor\cakephp\bake\src\Shell\Task\ModelTask.php(210): Cake\ORM\Table->primaryKey()
#5 C:\Users\Parham-Pc\sscalc\vendor\cakephp\bake\src\Shell\Task\ModelTask.php(127): Bake\Shell\Task\ModelTask->getAssociations(Object(Cake\ORM\Table))
#6 C:\Users\Parham-Pc\sscalc\vendor\cakephp\bake\src\Shell\Task\ModelTask.php(110): Bake\Shell\Task\ModelTask->getTableContext(Object(Cake\ORM\Table), 'entity', 'Entity')
#7 C:\Users\Parham-Pc\sscalc\vendor\cakephp\bake\src\Shell\Task\ModelTask.php(97): Bake\Shell\Task\ModelTask->bake('Entity')
#8 C:\Users\Parham-Pc\sscalc\vendor\cakephp\bake\src\Shell\BakeShell.php(257): Bake\Shell\Task\ModelTask->main('Entity')
#9 C:\Users\Parham-Pc\sscalc\vendor\cakephp\cakephp\src\Collection\CollectionTrait.php(52): Bake\Shell\BakeShell->Bake\Shell\{closure}('entity', 0)
#10 C:\Users\Parham-Pc\sscalc\vendor\cakephp\bake\src\Shell\BakeShell.php(260): Cake\Collection\Collection->each(Object(Closure))
#11 [internal function]: Bake\Shell\BakeShell->all('entity', 'quotes')
#12 C:\Users\Parham-Pc\sscalc\vendor\cakephp\cakephp\src\Console\Shell.php(452): call_user_func_array(Array, Array)
#13 C:\Users\Parham-Pc\sscalc\vendor\cakephp\cakephp\src\Console\ShellDispatcher.php(227): Cake\Console\Shell->runCommand(Array, true, Array)
#14 C:\Users\Parham-Pc\sscalc\vendor\cakephp\cakephp\src\Console\ShellDispatcher.php(182): Cake\Console\ShellDispatcher->_dispatch(Array)
#15 C:\Users\Parham-Pc\sscalc\vendor\cakephp\cakephp\src\Console\ShellDispatcher.php(128): Cake\Console\ShellDispatcher->dispatch(Array)
#16 C:\Users\Parham-Pc\sscalc\bin\cake.php(34): Cake\Console\ShellDispatcher::run(Array)
#17 {main}


2017-03-01 16:46:48 Error: [Cake\Core\Exception\MissingPluginException] Plugin CakePdf could not be found.
Exception Attributes: array (
  'plugin' => 'CakePdf',
)
Stack Trace:
#0 C:\Users\Parham-Pc\sscalc\config\bootstrap.php(227): Cake\Core\Plugin::load('CakePdf', Array)
#1 C:\Users\Parham-Pc\sscalc\bin\cake.php(32): include('C:\\Users\\Parham...')
#2 {main}


2017-03-02 16:28:09 Error: [Cake\Core\Exception\MissingPluginException] Plugin Dompdf could not be found.
Exception Attributes: array (
  'plugin' => 'Dompdf',
)
Stack Trace:
#0 C:\Users\Parham-Pc\sscalc\config\bootstrap.php(229): Cake\Core\Plugin::load('Dompdf')
#1 C:\Users\Parham-Pc\sscalc\bin\cake.php(32): include('C:\\Users\\Parham...')
#2 {main}


2017-03-02 16:28:15 Error: [Cake\Core\Exception\MissingPluginException] Plugin Dompdf could not be found.
Exception Attributes: array (
  'plugin' => 'Dompdf',
)
Stack Trace:
#0 C:\Users\Parham-Pc\sscalc\config\bootstrap.php(229): Cake\Core\Plugin::load('Dompdf')
#1 C:\Users\Parham-Pc\sscalc\bin\cake.php(32): include('C:\\Users\\Parham...')
#2 {main}


2017-03-02 16:34:07 Error: [Cake\Core\Exception\MissingPluginException] Plugin Dompdf could not be found.
Exception Attributes: array (
  'plugin' => 'Dompdf',
)
Stack Trace:
#0 C:\Users\Parham-Pc\sscalc\config\bootstrap.php(229): Cake\Core\Plugin::load('Dompdf')
#1 C:\Users\Parham-Pc\sscalc\bin\cake.php(32): include('C:\\Users\\Parham...')
#2 {main}


2017-03-02 16:42:03 Error: [Cake\Core\Exception\MissingPluginException] Plugin Dompdf could not be found.
Exception Attributes: array (
  'plugin' => 'Dompdf',
)
Stack Trace:
#0 C:\Users\Parham-Pc\sscalc\config\bootstrap.php(229): Cake\Core\Plugin::load('Dompdf')
#1 C:\Users\Parham-Pc\sscalc\bin\cake.php(32): include('C:\\Users\\Parham...')
#2 {main}


2017-03-02 16:43:24 Error: [Cake\Core\Exception\MissingPluginException] Plugin Dompdf could not be found.
Exception Attributes: array (
  'plugin' => 'Dompdf',
)
Stack Trace:
#0 C:\Users\Parham-Pc\sscalc\config\bootstrap.php(229): Cake\Core\Plugin::load('Dompdf')
#1 C:\Users\Parham-Pc\sscalc\bin\cake.php(32): include('C:\\Users\\Parham...')
#2 {main}


2017-03-02 16:49:38 Error: [Cake\Core\Exception\MissingPluginException] Plugin Dompdf could not be found.
Exception Attributes: array (
  'plugin' => 'Dompdf',
)
Stack Trace:
#0 C:\Users\Parham-Pc\sscalc\config\bootstrap.php(229): Cake\Core\Plugin::load('Dompdf')
#1 C:\Users\Parham-Pc\sscalc\bin\cake.php(32): include('C:\\Users\\Parham...')
#2 {main}


